<?xml version="1.0" encoding="UTF-8"?>
<coverage generated="1658469036836" clover="3.2.0">
  <project timestamp="1658469036836" name="All files">
    <metrics statements="9" coveredstatements="9" conditionals="2" coveredconditionals="2" methods="1" coveredmethods="1" elements="12" coveredelements="12" complexity="0" loc="9" ncloc="9" packages="1" files="1" classes="1"/>
    <file name="insertion_sort.js" path="/Users/ivancuenca/Desktop/insertion_sort/insertion_sort.js">
      <metrics statements="9" coveredstatements="9" conditionals="2" coveredconditionals="2" methods="1" coveredmethods="1"/>
      <line num="1" count="1" type="stmt"/>
      <line num="3" count="1" type="stmt"/>
      <line num="5" count="2" type="stmt"/>
      <line num="6" count="8" type="stmt"/>
      <line num="7" count="21" type="cond" truecount="2" falsecount="0"/>
      <line num="8" count="10" type="stmt"/>
      <line num="13" count="2" type="stmt"/>
      <line num="16" count="1" type="stmt"/>
      <line num="21" count="1" type="stmt"/>
    </file>
  </project>
</coverage>
